2017-12-26 11:27:56,577 INFO WebLogAspect:51 -- 请求:19,RESPONSE:"{\"data\":null,\"errorCode\":\"\",\"errorMsg\":\"\",\"repeatAct\":\"\",\"succeed\":true}"
2017-12-26 11:27:56,577 INFO WebLogAspect:53 -- 请求:19,SPEND TIME:1
2017-12-26 11:28:09,829 INFO WebLogAspect:42 -- 请求:20,URL:http://192.168.7.203:30004/sr/flushCache
2017-12-26 11:28:09,830 INFO WebLogAspect:43 -- 请求:20,HTTP_METHOD:POST
2017-12-26 11:28:09,830 INFO WebLogAspect:44 -- 请求:20,IP:192.168.7.98
2017-12-26 11:28:09,830 INFO WebLogAspect:45 -- 请求:20,CLASS_METHOD:com.apec.notice.web.SystemRestrictController
2017-12-26 11:28:09,830 INFO WebLogAspect:46 -- 请求:20,METHOD:flushRestrict
2017-12-26 11:28:09,830 INFO WebLogAspect:47 -- 请求:20,ARGS:["{\n}"]
2017-12-26 11:28:09,830 DEBUG SystemRestrictController:231 -- 刷新权限限制链
2017-12-26 11:28:09,831 INFO WebLogAspect:51 -- 请求:20,RESPONSE:"{\"data\":null,\"errorCode\":\"\",\"errorMsg\":\"\",\"repeatAct\":\"\",\"succeed\":true}"
2017-12-26 11:28:09,831 INFO WebLogAspect:53 -- 请求:20,SPEND TIME:1
2017-12-26 11:29:19,373 INFO WebLogAspect:42 -- 请求:18,URL:http://192.168.7.203:30004/sr/flushCache
2017-12-26 11:29:19,374 INFO WebLogAspect:43 -- 请求:18,HTTP_METHOD:POST
2017-12-26 11:29:19,374 INFO WebLogAspect:44 -- 请求:18,IP:192.168.7.98
2017-12-26 11:29:19,374 INFO WebLogAspect:45 -- 请求:18,CLASS_METHOD:com.apec.notice.web.SystemRestrictController
2017-12-26 11:29:19,374 INFO WebLogAspect:46 -- 请求:18,METHOD:flushRestrict
2017-12-26 11:29:19,374 INFO WebLogAspect:47 -- 请求:18,ARGS:["{\n}"]
2017-12-26 11:29:19,374 DEBUG SystemRestrictController:231 -- 刷新权限限制链
2017-12-26 11:29:19,374 INFO WebLogAspect:51 -- 请求:18,RESPONSE:"{\"data\":null,\"errorCode\":\"\",\"errorMsg\":\"\",\"repeatAct\":\"\",\"succeed\":true}"
2017-12-26 11:29:19,374 INFO WebLogAspect:53 -- 请求:18,SPEND TIME:0
2017-12-26 11:38:20,404 INFO NoticeServiceApplication:664 -- The following profiles are active: test
2017-12-26 11:41:07,754 INFO NoticeServiceApplication:664 -- The following profiles are active: test
2017-12-26 11:41:40,664 INFO NoticeServiceApplication:664 -- The following profiles are active: test
2017-12-26 11:43:38,224 INFO NoticeServiceApplication:664 -- The following profiles are active: test
2017-12-26 11:47:49,141 INFO NoticeServiceApplication:664 -- The following profiles are active: test
2017-12-26 11:51:02,525 INFO NoticeServiceApplication:664 -- The following profiles are active: test
2017-12-26 11:52:28,726 INFO NoticeServiceApplication:664 -- The following profiles are active: test
2017-12-26 11:53:55,301 INFO NoticeServiceApplication:664 -- The following profiles are active: test
2017-12-26 11:54:26,717 INFO NoticeServiceApplication:664 -- The following profiles are active: test
2017-12-26 11:58:48,834 INFO NoticeServiceApplication:664 -- The following profiles are active: test
2017-12-26 12:38:51,126 INFO NoticeServiceApplication:664 -- The following profiles are active: test
2017-12-26 12:38:58,683 INFO RedisClusterConfig:107 -- //// --- 启动单点Redis ---
2017-12-26 12:39:00,325 DEBUG ApplicationContextRegister:26 -- ApplicationContextRegister.setApplicationContext:applicationContextorg.springframework.boot.context.embedded.AnnotationConfigEmbeddedWebApplicationContext@5f150435: startup date [Tue Dec 26 12:38:51 CST 2017]; parent: org.springframework.context.annotation.AnnotationConfigApplicationContext@63c12fb0
2017-12-26 12:39:06,961 INFO NoticeServiceApplication:57 -- Started NoticeServiceApplication in 17.667 seconds (JVM running for 18.377)
2017-12-26 11:27:56,577 INFO WebLogAspect:51 -- 请求:19,RESPONSE:"{\"data\":null,\"errorCode\":\"\",\"errorMsg\":\"\",\"repeatAct\":\"\",\"succeed\":true}"
2017-12-26 11:27:56,577 INFO WebLogAspect:53 -- 请求:19,SPEND TIME:1
2017-12-26 11:28:09,829 INFO WebLogAspect:42 -- 请求:20,URL:http://192.168.7.203:30004/sr/flushCache
2017-12-26 11:28:09,830 INFO WebLogAspect:43 -- 请求:20,HTTP_METHOD:POST
2017-12-26 11:28:09,830 INFO WebLogAspect:44 -- 请求:20,IP:192.168.7.98
2017-12-26 11:28:09,830 INFO WebLogAspect:45 -- 请求:20,CLASS_METHOD:com.apec.notice.web.SystemRestrictController
2017-12-26 11:28:09,830 INFO WebLogAspect:46 -- 请求:20,METHOD:flushRestrict
2017-12-26 11:28:09,830 INFO WebLogAspect:47 -- 请求:20,ARGS:["{\n}"]
2017-12-26 11:28:09,830 DEBUG SystemRestrictController:231 -- 刷新权限限制链
2017-12-26 11:28:09,831 INFO WebLogAspect:51 -- 请求:20,RESPONSE:"{\"data\":null,\"errorCode\":\"\",\"errorMsg\":\"\",\"repeatAct\":\"\",\"succeed\":true}"
2017-12-26 11:28:09,831 INFO WebLogAspect:53 -- 请求:20,SPEND TIME:1
2017-12-26 11:29:19,373 INFO WebLogAspect:42 -- 请求:18,URL:http://192.168.7.203:30004/sr/flushCache
2017-12-26 11:29:19,374 INFO WebLogAspect:43 -- 请求:18,HTTP_METHOD:POST
2017-12-26 11:29:19,374 INFO WebLogAspect:44 -- 请求:18,IP:192.168.7.98
2017-12-26 11:29:19,374 INFO WebLogAspect:45 -- 请求:18,CLASS_METHOD:com.apec.notice.web.SystemRestrictController
2017-12-26 11:29:19,374 INFO WebLogAspect:46 -- 请求:18,METHOD:flushRestrict
2017-12-26 11:29:19,374 INFO WebLogAspect:47 -- 请求:18,ARGS:["{\n}"]
2017-12-26 11:29:19,374 DEBUG SystemRestrictController:231 -- 刷新权限限制链
2017-12-26 11:29:19,374 INFO WebLogAspect:51 -- 请求:18,RESPONSE:"{\"data\":null,\"errorCode\":\"\",\"errorMsg\":\"\",\"repeatAct\":\"\",\"succeed\":true}"
2017-12-26 11:29:19,374 INFO WebLogAspect:53 -- 请求:18,SPEND TIME:0
2017-12-26 11:38:20,404 INFO NoticeServiceApplication:664 -- The following profiles are active: test
2017-12-26 11:41:07,754 INFO NoticeServiceApplication:664 -- The following profiles are active: test
2017-12-26 11:41:40,664 INFO NoticeServiceApplication:664 -- The following profiles are active: test
2017-12-26 11:43:38,224 INFO NoticeServiceApplication:664 -- The following profiles are active: test
2017-12-26 11:47:49,141 INFO NoticeServiceApplication:664 -- The following profiles are active: test
2017-12-26 11:51:02,525 INFO NoticeServiceApplication:664 -- The following profiles are active: test
2017-12-26 11:52:28,726 INFO NoticeServiceApplication:664 -- The following profiles are active: test
2017-12-26 11:53:55,301 INFO NoticeServiceApplication:664 -- The following profiles are active: test
2017-12-26 11:54:26,717 INFO NoticeServiceApplication:664 -- The following profiles are active: test
2017-12-26 11:58:48,834 INFO NoticeServiceApplication:664 -- The following profiles are active: test
2017-12-26 12:38:51,126 INFO NoticeServiceApplication:664 -- The following profiles are active: test
2017-12-26 12:38:58,683 INFO RedisClusterConfig:107 -- //// --- 启动单点Redis ---
2017-12-26 12:39:00,325 DEBUG ApplicationContextRegister:26 -- ApplicationContextRegister.setApplicationContext:applicationContextorg.springframework.boot.context.embedded.AnnotationConfigEmbeddedWebApplicationContext@5f150435: startup date [Tue Dec 26 12:38:51 CST 2017]; parent: org.springframework.context.annotation.AnnotationConfigApplicationContext@63c12fb0
2017-12-26 12:39:06,961 INFO NoticeServiceApplication:57 -- Started NoticeServiceApplication in 17.667 seconds (JVM running for 18.377)

